Eventelope Test Execution Report
==============================
Generated at: 2025-03-22T18:24:23.609157242

Summary:
  Total Tests: 9
  Passed: 7
  Failed: 2
  Success Rate: 77%

Detailed Results:
================

1. Sample POST Test
   Status: PASSED
   Description: Basic POST request validation
   Executed Steps: 2
     Steps:
       - Verify API Health
       - Create Post
   Response Status: 201

2. Advanced Assertions Test
   Status: PASSED
   Description: Demonstrates the use of advanced assertion types beyond simple equality
   Executed Steps: 2
     Steps:
       - Verify API Health
       - Get User with Advanced Assertions
   Response Status: 200

3. Complex POST Test
   Status: PASSED
   Description: Tests POST request with complex nested JSON payload
   Executed Steps: 2
     Steps:
       - Verify API Health
       - Create Complex Post
   Response Status: 201

4. Sample GET API Test
   Status: PASSED
   Description: Tests a simple GET request to retrieve user information
   Executed Steps: 2
     Steps:
       - Verify API Health
       - Get User Details
   Response Status: 200

5. Complex Workflow Test
   Status: PASSED
   Description: Demonstrates a multi-step workflow with setup and cleanup
   Executed Steps: 7
     Steps:
       - Verify API Health
       - Create Test User
       - Create Post
       - Add Comment
       - Verify Post Details
       - Delete Post
       - Delete User
   Response Status: 200

6. Variable Extraction Test
   Status: FAILED
   Description: Tests the ability to extract values from responses and use them in subsequent requests
   Executed Steps: 1
     Steps:
       - Get Existing User
   Response Status: 500
   Failure Reasons:
     - Step 'Get User by ID': Exception - Invalid number of path parameters. Expected 1, was 0. Undefined path parameters are: userId.
     - Step 'Create Post for User': Status code assertion failed: expected 201 but got 500
     - Step 'Create Post for User': JSONPath not found: '$.userId'
     - Step 'Create Post for User': JSONPath not found: '$.title'
     - Step 'Delete Post': Exception - Invalid number of path parameters. Expected 1, was 0. Undefined path parameters are: postId.
     - Step 'Delete User': Exception - Invalid number of path parameters. Expected 1, was 0. Undefined path parameters are: userId.

7. Conditional Steps Test
   Status: PASSED
   Description: Demonstrates conditional execution of steps based on previous response values
   Executed Steps: 4
     Steps:
       - Get First User
       - Execute Only If User ID is 1 (conditionally skipped)
       - Skip This Step (User ID Not 10) (conditionally skipped)
       - Execute If Username Contains Leanne (conditionally skipped)
   Response Status: 200

8. Retry and Timeout Test
   Status: FAILED
   Description: Demonstrates the retry functionality and timeout settings for handling eventual consistency between services
   Executed Steps: 1
     Steps:
       - Get First Post
   Response Status: 200
   Failure Reasons:
     - Step 'Step with Retry Configuration': Exception - Invalid number of path parameters. Expected 1, was 0. Undefined path parameters are: postId. (after 3 retries)
     - Step 'Intentionally Failing Step with Retries': Exception - Invalid number of path parameters. Expected 1, was 0. Undefined path parameters are: postId. (after 2 retries)
     - Step 'Step with Specific Timeouts': Exception - Invalid number of path parameters. Expected 1, was 0. Undefined path parameters are: postId.
     - Step 'Cleanup Step': Exception - Invalid number of path parameters. Expected 1, was 0. Undefined path parameters are: postId.

9. Template Variables Test
   Status: PASSED
   Description: Test the template variables functionality for advanced payload templating using external files
   Executed Steps: 0
   Response Status: 0

